<?xml version="1.0" encoding="UTF-8"?>
<testsuite name="Cucumber" time="50.566" tests="3" skipped="0" failures="1" errors="0">
<testcase classname="" name="" time="22.392">
<failure type="org.openqa.selenium.StaleElementReferenceException" message="stale element reference: stale element not found in the current frame
  (Session info: chrome=129.0.6668.90)
For documentation on this error, please visit: https://www.selenium.dev/documentation/webdriver/troubleshooting/errors#stale-element-reference-exception
Build info: version: '4.12.0', revision: '249f2a7d1b*'
System info: os.name: 'Windows 10', os.arch: 'amd64', os.version: '10.0', java.version: '1.8.0_202'
Driver info: org.openqa.selenium.chrome.ChromeDriver
Command: [0d1394a1a9e6f8dcd1fa7a2cc18e60fd, sendKeysToElement {id=f.6FB663C8E1E0DB965D8AC7474E761625.d.335686ACC002BB71FC7D54616D47B928.e.16, value=[Ljava.lang.CharSequence;@3766c667}]
Capabilities {acceptInsecureCerts: false, browserName: chrome, browserVersion: 129.0.6668.90, chrome: {chromedriverVersion: 129.0.6668.89 (951c0b97221f..., userDataDir: C:\Users\ezhil\AppData\Loca...}, fedcm:accounts: true, goog:chromeOptions: {debuggerAddress: localhost:65202}, networkConnectionEnabled: false, pageLoadStrategy: normal, platformName: windows, proxy: Proxy(), se:cdp: ws://localhost:65202/devtoo..., se:cdpVersion: 129.0.6668.90, setWindowRect: true, strictFileInteractability: false, timeouts: {implicit: 0, pageLoad: 300000, script: 30000}, unhandledPromptBehavior: dismiss and notify, webauthn:extension:credBlob: true, webauthn:extension:largeBlob: true, webauthn:extension:minPinLength: true, webauthn:extension:prf: true, webauthn:virtualAuthenticators: true}
Element: [[ChromeDriver: chrome on windows (0d1394a1a9e6f8dcd1fa7a2cc18e60fd)] -&gt; xpath: //input[@class='AFOXgu']]
Session ID: 0d1394a1a9e6f8dcd1fa7a2cc18e60fd">
<![CDATA[org.openqa.selenium.StaleElementReferenceException: stale element reference: stale element not found in the current frame
  (Session info: chrome=129.0.6668.90)
For documentation on this error, please visit: https://www.selenium.dev/documentation/webdriver/troubleshooting/errors#stale-element-reference-exception
Build info: version: '4.12.0', revision: '249f2a7d1b*'
System info: os.name: 'Windows 10', os.arch: 'amd64', os.version: '10.0', java.version: '1.8.0_202'
Driver info: org.openqa.selenium.chrome.ChromeDriver
Command: [0d1394a1a9e6f8dcd1fa7a2cc18e60fd, sendKeysToElement {id=f.6FB663C8E1E0DB965D8AC7474E761625.d.335686ACC002BB71FC7D54616D47B928.e.16, value=[Ljava.lang.CharSequence;@3766c667}]
Capabilities {acceptInsecureCerts: false, browserName: chrome, browserVersion: 129.0.6668.90, chrome: {chromedriverVersion: 129.0.6668.89 (951c0b97221f..., userDataDir: C:\Users\ezhil\AppData\Loca...}, fedcm:accounts: true, goog:chromeOptions: {debuggerAddress: localhost:65202}, networkConnectionEnabled: false, pageLoadStrategy: normal, platformName: windows, proxy: Proxy(), se:cdp: ws://localhost:65202/devtoo..., se:cdpVersion: 129.0.6668.90, setWindowRect: true, strictFileInteractability: false, timeouts: {implicit: 0, pageLoad: 300000, script: 30000}, unhandledPromptBehavior: dismiss and notify, webauthn:extension:credBlob: true, webauthn:extension:largeBlob: true, webauthn:extension:minPinLength: true, webauthn:extension:prf: true, webauthn:virtualAuthenticators: true}
Element: [[ChromeDriver: chrome on windows (0d1394a1a9e6f8dcd1fa7a2cc18e60fd)] -> xpath: //input[@class='AFOXgu']]
Session ID: 0d1394a1a9e6f8dcd1fa7a2cc18e60fd
	at sun.reflect.NativeConstructorAccessorImpl.newInstance0(Native Method)
	at sun.reflect.NativeConstructorAccessorImpl.newInstance(Unknown Source)
	at sun.reflect.DelegatingConstructorAccessorImpl.newInstance(Unknown Source)
	at java.lang.reflect.Constructor.newInstance(Unknown Source)
	at org.openqa.selenium.remote.codec.w3c.W3CHttpResponseCodec.createException(W3CHttpResponseCodec.java:200)
	at org.openqa.selenium.remote.codec.w3c.W3CHttpResponseCodec.decode(W3CHttpResponseCodec.java:133)
	at org.openqa.selenium.remote.codec.w3c.W3CHttpResponseCodec.decode(W3CHttpResponseCodec.java:52)
	at org.openqa.selenium.remote.HttpCommandExecutor.execute(HttpCommandExecutor.java:191)
	at org.openqa.selenium.remote.service.DriverCommandExecutor.invokeExecute(DriverCommandExecutor.java:196)
	at org.openqa.selenium.remote.service.DriverCommandExecutor.execute(DriverCommandExecutor.java:171)
	at org.openqa.selenium.remote.RemoteWebDriver.execute(RemoteWebDriver.java:602)
	at org.openqa.selenium.remote.RemoteWebElement.execute(RemoteWebElement.java:224)
	at org.openqa.selenium.remote.RemoteWebElement.sendKeys(RemoteWebElement.java:111)
	at org.steps.StepDefinition1.user_have_to_enter_pincode_to_check_the_availability(StepDefinition1.java:53)
	at âœ½.User have to enter pincode to check the availability(file:///C:/Users/ezhil/eclipse-workspace/MavenProject/src/test/resources/Flipkart1.feature:13)
]]>
</failure>
<system-out><![CDATA[
Given User have to be in flipkart homepage..................................passed
When User have to enter product name and press enter button.................passed
And User have to select the product.........................................passed
And User have to enter pincode to check the availability....................failed
And User have to click add to cart button...................................skipped
Then The product should get added to a cart.................................skipped
]]></system-out>
</testcase>
<testcase classname="" name="" time="13.178">
<system-out><![CDATA[
Given User have to be in flipkart homepage..................................passed
When User have to enter product name "iphone" and press enter button........passed
Then User have to check the products list...................................passed
]]></system-out>
</testcase>
<testcase classname="" name="" time="14.711">
<system-out><![CDATA[
Given User have to be in flipkart homepage..................................passed
And User have to scrolldown the page to bottom..............................passed
When User have to click the links in the bottom of home page................passed
Then User should get the related screen of the particular link..............passed
]]></system-out>
</testcase>
</testsuite>
